<?xml version="1.0" encoding="UTF-8"?>
<testng-results skipped="0" failed="4" ignored="0" total="30" passed="26">
  <reporter-output>
  </reporter-output>
  <suite name="Suite" duration-ms="694295" started-at="2018-03-22T06:00:13Z" finished-at="2018-03-22T06:11:47Z">
    <groups>
    </groups>
    <test name="Test" duration-ms="694295" started-at="2018-03-22T06:00:13Z" finished-at="2018-03-22T06:11:47Z">
      <class name="Chrome.ServiceMenuTest_Chrome">
        <test-method status="PASS" signature="initiateDriver()[pri:0, instance:Chrome.ServiceMenuTest_Chrome@68c4039c]" name="initiateDriver" is-config="true" duration-ms="8707" started-at="2018-03-22T14:00:13Z" finished-at="2018-03-22T14:00:22Z">
          <reporter-output>
          </reporter-output>
        </test-method> <!-- initiateDriver -->
        <test-method status="PASS" signature="MicrosoftWindowsAppsMenu()[pri:1, instance:Chrome.ServiceMenuTest_Chrome@68c4039c]" name="MicrosoftWindowsAppsMenu" duration-ms="5630" started-at="2018-03-22T14:00:22Z" finished-at="2018-03-22T14:00:27Z">
          <reporter-output>
          </reporter-output>
        </test-method> <!-- MicrosoftWindowsAppsMenu -->
        <test-method status="PASS" signature="closeBrowser()[pri:0, instance:Chrome.ServiceMenuTest_Chrome@68c4039c]" name="closeBrowser" is-config="true" duration-ms="194" started-at="2018-03-22T14:00:27Z" finished-at="2018-03-22T14:00:28Z">
          <reporter-output>
          </reporter-output>
        </test-method> <!-- closeBrowser -->
        <test-method status="PASS" signature="initiateDriver()[pri:0, instance:Chrome.ServiceMenuTest_Chrome@68c4039c]" name="initiateDriver" is-config="true" duration-ms="7508" started-at="2018-03-22T14:00:53Z" finished-at="2018-03-22T14:01:00Z">
          <reporter-output>
          </reporter-output>
        </test-method> <!-- initiateDriver -->
        <test-method status="PASS" signature="MobileServicesMenu()[pri:2, instance:Chrome.ServiceMenuTest_Chrome@68c4039c]" name="MobileServicesMenu" duration-ms="6123" started-at="2018-03-22T14:01:00Z" finished-at="2018-03-22T14:01:06Z">
          <reporter-output>
          </reporter-output>
        </test-method> <!-- MobileServicesMenu -->
        <test-method status="PASS" signature="closeBrowser()[pri:0, instance:Chrome.ServiceMenuTest_Chrome@68c4039c]" name="closeBrowser" is-config="true" duration-ms="154" started-at="2018-03-22T14:01:06Z" finished-at="2018-03-22T14:01:07Z">
          <reporter-output>
          </reporter-output>
        </test-method> <!-- closeBrowser -->
        <test-method status="PASS" signature="initiateDriver()[pri:0, instance:Chrome.ServiceMenuTest_Chrome@68c4039c]" name="initiateDriver" is-config="true" duration-ms="7748" started-at="2018-03-22T14:01:21Z" finished-at="2018-03-22T14:01:29Z">
          <reporter-output>
          </reporter-output>
        </test-method> <!-- initiateDriver -->
        <test-method status="FAIL" signature="JavaTechnologiesMenu()[pri:3, instance:Chrome.ServiceMenuTest_Chrome@68c4039c]" name="JavaTechnologiesMenu" duration-ms="62236" started-at="2018-03-22T14:01:29Z" finished-at="2018-03-22T14:02:31Z">
          <exception class="org.openqa.selenium.NoSuchElementException">
            <message>
              <![CDATA[no such element: Unable to locate element: {"method":"xpath","selector":"/html/body/div[3]/header/div[2]/div/div/h1"}
  (Session info: chrome=65.0.3325.181)
  (Driver info: chromedriver=2.35.528161 (5b82f2d2aae0ca24b877009200ced9065a772e73),platform=Windows NT 10.0.10586 x86_64) (WARNING: The server did not provide any stacktrace information)
Command duration or timeout: 60.03 seconds
For documentation on this error, please visit: http://seleniumhq.org/exceptions/no_such_element.html
Build info: version: '3.4.0', revision: 'unknown', time: 'unknown'
System info: host: 'MTPC410', ip: '169.254.232.163', os.name: 'Windows 10', os.arch: 'amd64', os.version: '10.0', java.version: '1.8.0_151'
Driver info: org.openqa.selenium.chrome.ChromeDriver
Capabilities [{applicationCacheEnabled=false, rotatable=false, mobileEmulationEnabled=false, networkConnectionEnabled=false, chrome={chromedriverVersion=2.35.528161 (5b82f2d2aae0ca24b877009200ced9065a772e73), userDataDir=C:\Users\dewak\AppData\Local\Temp\scoped_dir5464_15449}, takesHeapSnapshot=true, pageLoadStrategy=normal, databaseEnabled=false, handlesAlerts=true, hasTouchScreen=false, version=65.0.3325.181, platform=XP, browserConnectionEnabled=false, nativeEvents=true, acceptSslCerts=false, acceptInsecureCerts=false, locationContextEnabled=true, webStorageEnabled=true, browserName=chrome, takesScreenshot=true, javascriptEnabled=true, cssSelectorsEnabled=true, setWindowRect=true, unexpectedAlertBehaviour=}]
Session ID: 0577c7f6cae633f6a8d054687a7c8766
*** Element info: {Using=xpath, value=/html/body/div[3]/header/div[2]/div/div/h1}]]>
            </message>
            <full-stacktrace>
              <![CDATA[org.openqa.selenium.NoSuchElementException: no such element: Unable to locate element: {"method":"xpath","selector":"/html/body/div[3]/header/div[2]/div/div/h1"}
  (Session info: chrome=65.0.3325.181)
  (Driver info: chromedriver=2.35.528161 (5b82f2d2aae0ca24b877009200ced9065a772e73),platform=Windows NT 10.0.10586 x86_64) (WARNING: The server did not provide any stacktrace information)
Command duration or timeout: 60.03 seconds
For documentation on this error, please visit: http://seleniumhq.org/exceptions/no_such_element.html
Build info: version: '3.4.0', revision: 'unknown', time: 'unknown'
System info: host: 'MTPC410', ip: '169.254.232.163', os.name: 'Windows 10', os.arch: 'amd64', os.version: '10.0', java.version: '1.8.0_151'
Driver info: org.openqa.selenium.chrome.ChromeDriver
Capabilities [{applicationCacheEnabled=false, rotatable=false, mobileEmulationEnabled=false, networkConnectionEnabled=false, chrome={chromedriverVersion=2.35.528161 (5b82f2d2aae0ca24b877009200ced9065a772e73), userDataDir=C:\Users\dewak\AppData\Local\Temp\scoped_dir5464_15449}, takesHeapSnapshot=true, pageLoadStrategy=normal, databaseEnabled=false, handlesAlerts=true, hasTouchScreen=false, version=65.0.3325.181, platform=XP, browserConnectionEnabled=false, nativeEvents=true, acceptSslCerts=false, acceptInsecureCerts=false, locationContextEnabled=true, webStorageEnabled=true, browserName=chrome, takesScreenshot=true, javascriptEnabled=true, cssSelectorsEnabled=true, setWindowRect=true, unexpectedAlertBehaviour=}]
Session ID: 0577c7f6cae633f6a8d054687a7c8766
*** Element info: {Using=xpath, value=/html/body/div[3]/header/div[2]/div/div/h1}
	at sun.reflect.NativeConstructorAccessorImpl.newInstance0(Native Method)
	at sun.reflect.NativeConstructorAccessorImpl.newInstance(Unknown Source)
	at sun.reflect.DelegatingConstructorAccessorImpl.newInstance(Unknown Source)
	at java.lang.reflect.Constructor.newInstance(Unknown Source)
	at org.openqa.selenium.remote.ErrorHandler.createThrowable(ErrorHandler.java:215)
	at org.openqa.selenium.remote.ErrorHandler.throwIfResponseFailed(ErrorHandler.java:167)
	at org.openqa.selenium.remote.RemoteWebDriver.execute(RemoteWebDriver.java:671)
	at org.openqa.selenium.remote.RemoteWebDriver.findElement(RemoteWebDriver.java:410)
	at org.openqa.selenium.remote.RemoteWebDriver.findElementByXPath(RemoteWebDriver.java:509)
	at org.openqa.selenium.By$ByXPath.findElement(By.java:361)
	at org.openqa.selenium.remote.RemoteWebDriver.findElement(RemoteWebDriver.java:402)
	at com.stagingm.com.stagingm.test.ServiceMenu_PO.ASSERTjavaTechnologies(ServiceMenu_PO.java:94)
	at Chrome.ServiceMenuTest_Chrome.JavaTechnologiesMenu(ServiceMenuTest_Chrome.java:55)
	at sun.reflect.NativeMethodAccessorImpl.invoke0(Native Method)
	at sun.reflect.NativeMethodAccessorImpl.invoke(Unknown Source)
	at sun.reflect.DelegatingMethodAccessorImpl.invoke(Unknown Source)
	at java.lang.reflect.Method.invoke(Unknown Source)
	at org.testng.internal.MethodInvocationHelper.invokeMethod(MethodInvocationHelper.java:104)
	at org.testng.internal.Invoker.invokeMethod(Invoker.java:645)
	at org.testng.internal.Invoker.invokeTestMethod(Invoker.java:851)
	at org.testng.internal.Invoker.invokeTestMethods(Invoker.java:1177)
	at org.testng.internal.TestMethodWorker.invokeTestMethods(TestMethodWorker.java:129)
	at org.testng.internal.TestMethodWorker.run(TestMethodWorker.java:112)
	at org.testng.TestRunner.privateRun(TestRunner.java:756)
	at org.testng.TestRunner.run(TestRunner.java:610)
	at org.testng.SuiteRunner.runTest(SuiteRunner.java:387)
	at org.testng.SuiteRunner.runSequentially(SuiteRunner.java:382)
	at org.testng.SuiteRunner.privateRun(SuiteRunner.java:340)
	at org.testng.SuiteRunner.run(SuiteRunner.java:289)
	at org.testng.SuiteRunnerWorker.runSuite(SuiteRunnerWorker.java:52)
	at org.testng.SuiteRunnerWorker.run(SuiteRunnerWorker.java:86)
	at org.testng.TestNG.runSuitesSequentially(TestNG.java:1293)
	at org.testng.TestNG.runSuitesLocally(TestNG.java:1218)
	at org.testng.TestNG.runSuites(TestNG.java:1133)
	at org.testng.TestNG.run(TestNG.java:1104)
	at org.testng.remote.AbstractRemoteTestNG.run(AbstractRemoteTestNG.java:132)
	at org.testng.remote.RemoteTestNG.initAndRun(RemoteTestNG.java:230)
	at org.testng.remote.RemoteTestNG.main(RemoteTestNG.java:76)
]]>
            </full-stacktrace>
          </exception> <!-- org.openqa.selenium.NoSuchElementException -->
          <reporter-output>
          </reporter-output>
        </test-method> <!-- JavaTechnologiesMenu -->
        <test-method status="PASS" signature="closeBrowser()[pri:0, instance:Chrome.ServiceMenuTest_Chrome@68c4039c]" name="closeBrowser" is-config="true" duration-ms="149" started-at="2018-03-22T14:02:31Z" finished-at="2018-03-22T14:02:31Z">
          <reporter-output>
          </reporter-output>
        </test-method> <!-- closeBrowser -->
        <test-method status="PASS" signature="initiateDriver()[pri:0, instance:Chrome.ServiceMenuTest_Chrome@68c4039c]" name="initiateDriver" is-config="true" duration-ms="8417" started-at="2018-03-22T14:02:42Z" finished-at="2018-03-22T14:02:51Z">
          <reporter-output>
          </reporter-output>
        </test-method> <!-- initiateDriver -->
        <test-method status="PASS" signature="BusinessIntelegenceMenu()[pri:4, instance:Chrome.ServiceMenuTest_Chrome@68c4039c]" name="BusinessIntelegenceMenu" duration-ms="7440" started-at="2018-03-22T14:02:51Z" finished-at="2018-03-22T14:02:58Z">
          <reporter-output>
          </reporter-output>
        </test-method> <!-- BusinessIntelegenceMenu -->
        <test-method status="PASS" signature="closeBrowser()[pri:0, instance:Chrome.ServiceMenuTest_Chrome@68c4039c]" name="closeBrowser" is-config="true" duration-ms="174" started-at="2018-03-22T14:02:58Z" finished-at="2018-03-22T14:02:58Z">
          <reporter-output>
          </reporter-output>
        </test-method> <!-- closeBrowser -->
        <test-method status="PASS" signature="initiateDriver()[pri:0, instance:Chrome.ServiceMenuTest_Chrome@68c4039c]" name="initiateDriver" is-config="true" duration-ms="7754" started-at="2018-03-22T14:03:19Z" finished-at="2018-03-22T14:03:26Z">
          <reporter-output>
          </reporter-output>
        </test-method> <!-- initiateDriver -->
        <test-method status="FAIL" signature="WebFrontEndMenu()[pri:5, instance:Chrome.ServiceMenuTest_Chrome@68c4039c]" name="WebFrontEndMenu" duration-ms="62224" started-at="2018-03-22T14:03:26Z" finished-at="2018-03-22T14:04:29Z">
          <exception class="org.openqa.selenium.NoSuchElementException">
            <message>
              <![CDATA[no such element: Unable to locate element: {"method":"xpath","selector":"/html/body/div[3]/header/div[2]/div/div/h1"}
  (Session info: chrome=65.0.3325.181)
  (Driver info: chromedriver=2.35.528161 (5b82f2d2aae0ca24b877009200ced9065a772e73),platform=Windows NT 10.0.10586 x86_64) (WARNING: The server did not provide any stacktrace information)
Command duration or timeout: 60.04 seconds
For documentation on this error, please visit: http://seleniumhq.org/exceptions/no_such_element.html
Build info: version: '3.4.0', revision: 'unknown', time: 'unknown'
System info: host: 'MTPC410', ip: '169.254.232.163', os.name: 'Windows 10', os.arch: 'amd64', os.version: '10.0', java.version: '1.8.0_151'
Driver info: org.openqa.selenium.chrome.ChromeDriver
Capabilities [{applicationCacheEnabled=false, rotatable=false, mobileEmulationEnabled=false, networkConnectionEnabled=false, chrome={chromedriverVersion=2.35.528161 (5b82f2d2aae0ca24b877009200ced9065a772e73), userDataDir=C:\Users\dewak\AppData\Local\Temp\scoped_dir6892_9082}, takesHeapSnapshot=true, pageLoadStrategy=normal, databaseEnabled=false, handlesAlerts=true, hasTouchScreen=false, version=65.0.3325.181, platform=XP, browserConnectionEnabled=false, nativeEvents=true, acceptSslCerts=false, acceptInsecureCerts=false, locationContextEnabled=true, webStorageEnabled=true, browserName=chrome, takesScreenshot=true, javascriptEnabled=true, cssSelectorsEnabled=true, setWindowRect=true, unexpectedAlertBehaviour=}]
Session ID: 9dcc4ece58e7be9ffb8cfbab0f3b0a5a
*** Element info: {Using=xpath, value=/html/body/div[3]/header/div[2]/div/div/h1}]]>
            </message>
            <full-stacktrace>
              <![CDATA[org.openqa.selenium.NoSuchElementException: no such element: Unable to locate element: {"method":"xpath","selector":"/html/body/div[3]/header/div[2]/div/div/h1"}
  (Session info: chrome=65.0.3325.181)
  (Driver info: chromedriver=2.35.528161 (5b82f2d2aae0ca24b877009200ced9065a772e73),platform=Windows NT 10.0.10586 x86_64) (WARNING: The server did not provide any stacktrace information)
Command duration or timeout: 60.04 seconds
For documentation on this error, please visit: http://seleniumhq.org/exceptions/no_such_element.html
Build info: version: '3.4.0', revision: 'unknown', time: 'unknown'
System info: host: 'MTPC410', ip: '169.254.232.163', os.name: 'Windows 10', os.arch: 'amd64', os.version: '10.0', java.version: '1.8.0_151'
Driver info: org.openqa.selenium.chrome.ChromeDriver
Capabilities [{applicationCacheEnabled=false, rotatable=false, mobileEmulationEnabled=false, networkConnectionEnabled=false, chrome={chromedriverVersion=2.35.528161 (5b82f2d2aae0ca24b877009200ced9065a772e73), userDataDir=C:\Users\dewak\AppData\Local\Temp\scoped_dir6892_9082}, takesHeapSnapshot=true, pageLoadStrategy=normal, databaseEnabled=false, handlesAlerts=true, hasTouchScreen=false, version=65.0.3325.181, platform=XP, browserConnectionEnabled=false, nativeEvents=true, acceptSslCerts=false, acceptInsecureCerts=false, locationContextEnabled=true, webStorageEnabled=true, browserName=chrome, takesScreenshot=true, javascriptEnabled=true, cssSelectorsEnabled=true, setWindowRect=true, unexpectedAlertBehaviour=}]
Session ID: 9dcc4ece58e7be9ffb8cfbab0f3b0a5a
*** Element info: {Using=xpath, value=/html/body/div[3]/header/div[2]/div/div/h1}
	at sun.reflect.NativeConstructorAccessorImpl.newInstance0(Native Method)
	at sun.reflect.NativeConstructorAccessorImpl.newInstance(Unknown Source)
	at sun.reflect.DelegatingConstructorAccessorImpl.newInstance(Unknown Source)
	at java.lang.reflect.Constructor.newInstance(Unknown Source)
	at org.openqa.selenium.remote.ErrorHandler.createThrowable(ErrorHandler.java:215)
	at org.openqa.selenium.remote.ErrorHandler.throwIfResponseFailed(ErrorHandler.java:167)
	at org.openqa.selenium.remote.RemoteWebDriver.execute(RemoteWebDriver.java:671)
	at org.openqa.selenium.remote.RemoteWebDriver.findElement(RemoteWebDriver.java:410)
	at org.openqa.selenium.remote.RemoteWebDriver.findElementByXPath(RemoteWebDriver.java:509)
	at org.openqa.selenium.By$ByXPath.findElement(By.java:361)
	at org.openqa.selenium.remote.RemoteWebDriver.findElement(RemoteWebDriver.java:402)
	at com.stagingm.com.stagingm.test.ServiceMenu_PO.ASSERTwebFrontEnd(ServiceMenu_PO.java:120)
	at Chrome.ServiceMenuTest_Chrome.WebFrontEndMenu(ServiceMenuTest_Chrome.java:73)
	at sun.reflect.NativeMethodAccessorImpl.invoke0(Native Method)
	at sun.reflect.NativeMethodAccessorImpl.invoke(Unknown Source)
	at sun.reflect.DelegatingMethodAccessorImpl.invoke(Unknown Source)
	at java.lang.reflect.Method.invoke(Unknown Source)
	at org.testng.internal.MethodInvocationHelper.invokeMethod(MethodInvocationHelper.java:104)
	at org.testng.internal.Invoker.invokeMethod(Invoker.java:645)
	at org.testng.internal.Invoker.invokeTestMethod(Invoker.java:851)
	at org.testng.internal.Invoker.invokeTestMethods(Invoker.java:1177)
	at org.testng.internal.TestMethodWorker.invokeTestMethods(TestMethodWorker.java:129)
	at org.testng.internal.TestMethodWorker.run(TestMethodWorker.java:112)
	at org.testng.TestRunner.privateRun(TestRunner.java:756)
	at org.testng.TestRunner.run(TestRunner.java:610)
	at org.testng.SuiteRunner.runTest(SuiteRunner.java:387)
	at org.testng.SuiteRunner.runSequentially(SuiteRunner.java:382)
	at org.testng.SuiteRunner.privateRun(SuiteRunner.java:340)
	at org.testng.SuiteRunner.run(SuiteRunner.java:289)
	at org.testng.SuiteRunnerWorker.runSuite(SuiteRunnerWorker.java:52)
	at org.testng.SuiteRunnerWorker.run(SuiteRunnerWorker.java:86)
	at org.testng.TestNG.runSuitesSequentially(TestNG.java:1293)
	at org.testng.TestNG.runSuitesLocally(TestNG.java:1218)
	at org.testng.TestNG.runSuites(TestNG.java:1133)
	at org.testng.TestNG.run(TestNG.java:1104)
	at org.testng.remote.AbstractRemoteTestNG.run(AbstractRemoteTestNG.java:132)
	at org.testng.remote.RemoteTestNG.initAndRun(RemoteTestNG.java:230)
	at org.testng.remote.RemoteTestNG.main(RemoteTestNG.java:76)
]]>
            </full-stacktrace>
          </exception> <!-- org.openqa.selenium.NoSuchElementException -->
          <reporter-output>
          </reporter-output>
        </test-method> <!-- WebFrontEndMenu -->
        <test-method status="PASS" signature="closeBrowser()[pri:0, instance:Chrome.ServiceMenuTest_Chrome@68c4039c]" name="closeBrowser" is-config="true" duration-ms="184" started-at="2018-03-22T14:04:29Z" finished-at="2018-03-22T14:04:29Z">
          <reporter-output>
          </reporter-output>
        </test-method> <!-- closeBrowser -->
        <test-method status="PASS" signature="initiateDriver()[pri:0, instance:Chrome.ServiceMenuTest_Chrome@68c4039c]" name="initiateDriver" is-config="true" duration-ms="7245" started-at="2018-03-22T14:04:46Z" finished-at="2018-03-22T14:04:53Z">
          <reporter-output>
          </reporter-output>
        </test-method> <!-- initiateDriver -->
        <test-method status="PASS" signature="SoftwareDesignToolsMenu()[pri:6, instance:Chrome.ServiceMenuTest_Chrome@68c4039c]" name="SoftwareDesignToolsMenu" duration-ms="5969" started-at="2018-03-22T14:04:53Z" finished-at="2018-03-22T14:04:59Z">
          <reporter-output>
          </reporter-output>
        </test-method> <!-- SoftwareDesignToolsMenu -->
        <test-method status="PASS" signature="closeBrowser()[pri:0, instance:Chrome.ServiceMenuTest_Chrome@68c4039c]" name="closeBrowser" is-config="true" duration-ms="159" started-at="2018-03-22T14:04:59Z" finished-at="2018-03-22T14:04:59Z">
          <reporter-output>
          </reporter-output>
        </test-method> <!-- closeBrowser -->
        <test-method status="PASS" signature="initiateDriver()[pri:0, instance:Chrome.ServiceMenuTest_Chrome@68c4039c]" name="initiateDriver" is-config="true" duration-ms="7942" started-at="2018-03-22T14:05:17Z" finished-at="2018-03-22T14:05:25Z">
          <reporter-output>
          </reporter-output>
        </test-method> <!-- initiateDriver -->
        <test-method status="PASS" signature="RubyOnRailsDevelopmentMenu()[pri:7, instance:Chrome.ServiceMenuTest_Chrome@68c4039c]" name="RubyOnRailsDevelopmentMenu" duration-ms="6890" started-at="2018-03-22T14:05:25Z" finished-at="2018-03-22T14:05:32Z">
          <reporter-output>
          </reporter-output>
        </test-method> <!-- RubyOnRailsDevelopmentMenu -->
        <test-method status="PASS" signature="closeBrowser()[pri:0, instance:Chrome.ServiceMenuTest_Chrome@68c4039c]" name="closeBrowser" is-config="true" duration-ms="181" started-at="2018-03-22T14:05:32Z" finished-at="2018-03-22T14:05:32Z">
          <reporter-output>
          </reporter-output>
        </test-method> <!-- closeBrowser -->
        <test-method status="PASS" signature="initiateDriver()[pri:0, instance:Chrome.ServiceMenuTest_Chrome@68c4039c]" name="initiateDriver" is-config="true" duration-ms="17699" started-at="2018-03-22T14:05:46Z" finished-at="2018-03-22T14:06:04Z">
          <reporter-output>
          </reporter-output>
        </test-method> <!-- initiateDriver -->
        <test-method status="FAIL" signature="UserInteractionDesignMenu()[pri:8, instance:Chrome.ServiceMenuTest_Chrome@68c4039c]" name="UserInteractionDesignMenu" duration-ms="62202" started-at="2018-03-22T14:06:04Z" finished-at="2018-03-22T14:07:06Z">
          <exception class="org.openqa.selenium.NoSuchElementException">
            <message>
              <![CDATA[no such element: Unable to locate element: {"method":"xpath","selector":"/html/body/div[3]/header/div[2]/div/div/h1"}
  (Session info: chrome=65.0.3325.181)
  (Driver info: chromedriver=2.35.528161 (5b82f2d2aae0ca24b877009200ced9065a772e73),platform=Windows NT 10.0.10586 x86_64) (WARNING: The server did not provide any stacktrace information)
Command duration or timeout: 60.03 seconds
For documentation on this error, please visit: http://seleniumhq.org/exceptions/no_such_element.html
Build info: version: '3.4.0', revision: 'unknown', time: 'unknown'
System info: host: 'MTPC410', ip: '169.254.232.163', os.name: 'Windows 10', os.arch: 'amd64', os.version: '10.0', java.version: '1.8.0_151'
Driver info: org.openqa.selenium.chrome.ChromeDriver
Capabilities [{applicationCacheEnabled=false, rotatable=false, mobileEmulationEnabled=false, networkConnectionEnabled=false, chrome={chromedriverVersion=2.35.528161 (5b82f2d2aae0ca24b877009200ced9065a772e73), userDataDir=C:\Users\dewak\AppData\Local\Temp\scoped_dir2388_29057}, takesHeapSnapshot=true, pageLoadStrategy=normal, databaseEnabled=false, handlesAlerts=true, hasTouchScreen=false, version=65.0.3325.181, platform=XP, browserConnectionEnabled=false, nativeEvents=true, acceptSslCerts=false, acceptInsecureCerts=false, locationContextEnabled=true, webStorageEnabled=true, browserName=chrome, takesScreenshot=true, javascriptEnabled=true, cssSelectorsEnabled=true, setWindowRect=true, unexpectedAlertBehaviour=}]
Session ID: c5b7106b70378d92e9ae25a2cee1d694
*** Element info: {Using=xpath, value=/html/body/div[3]/header/div[2]/div/div/h1}]]>
            </message>
            <full-stacktrace>
              <![CDATA[org.openqa.selenium.NoSuchElementException: no such element: Unable to locate element: {"method":"xpath","selector":"/html/body/div[3]/header/div[2]/div/div/h1"}
  (Session info: chrome=65.0.3325.181)
  (Driver info: chromedriver=2.35.528161 (5b82f2d2aae0ca24b877009200ced9065a772e73),platform=Windows NT 10.0.10586 x86_64) (WARNING: The server did not provide any stacktrace information)
Command duration or timeout: 60.03 seconds
For documentation on this error, please visit: http://seleniumhq.org/exceptions/no_such_element.html
Build info: version: '3.4.0', revision: 'unknown', time: 'unknown'
System info: host: 'MTPC410', ip: '169.254.232.163', os.name: 'Windows 10', os.arch: 'amd64', os.version: '10.0', java.version: '1.8.0_151'
Driver info: org.openqa.selenium.chrome.ChromeDriver
Capabilities [{applicationCacheEnabled=false, rotatable=false, mobileEmulationEnabled=false, networkConnectionEnabled=false, chrome={chromedriverVersion=2.35.528161 (5b82f2d2aae0ca24b877009200ced9065a772e73), userDataDir=C:\Users\dewak\AppData\Local\Temp\scoped_dir2388_29057}, takesHeapSnapshot=true, pageLoadStrategy=normal, databaseEnabled=false, handlesAlerts=true, hasTouchScreen=false, version=65.0.3325.181, platform=XP, browserConnectionEnabled=false, nativeEvents=true, acceptSslCerts=false, acceptInsecureCerts=false, locationContextEnabled=true, webStorageEnabled=true, browserName=chrome, takesScreenshot=true, javascriptEnabled=true, cssSelectorsEnabled=true, setWindowRect=true, unexpectedAlertBehaviour=}]
Session ID: c5b7106b70378d92e9ae25a2cee1d694
*** Element info: {Using=xpath, value=/html/body/div[3]/header/div[2]/div/div/h1}
	at sun.reflect.NativeConstructorAccessorImpl.newInstance0(Native Method)
	at sun.reflect.NativeConstructorAccessorImpl.newInstance(Unknown Source)
	at sun.reflect.DelegatingConstructorAccessorImpl.newInstance(Unknown Source)
	at java.lang.reflect.Constructor.newInstance(Unknown Source)
	at org.openqa.selenium.remote.ErrorHandler.createThrowable(ErrorHandler.java:215)
	at org.openqa.selenium.remote.ErrorHandler.throwIfResponseFailed(ErrorHandler.java:167)
	at org.openqa.selenium.remote.RemoteWebDriver.execute(RemoteWebDriver.java:671)
	at org.openqa.selenium.remote.RemoteWebDriver.findElement(RemoteWebDriver.java:410)
	at org.openqa.selenium.remote.RemoteWebDriver.findElementByXPath(RemoteWebDriver.java:509)
	at org.openqa.selenium.By$ByXPath.findElement(By.java:361)
	at org.openqa.selenium.remote.RemoteWebDriver.findElement(RemoteWebDriver.java:402)
	at com.stagingm.com.stagingm.test.ServiceMenu_PO.ASSERTuserInteractionDesign(ServiceMenu_PO.java:159)
	at Chrome.ServiceMenuTest_Chrome.UserInteractionDesignMenu(ServiceMenuTest_Chrome.java:100)
	at sun.reflect.NativeMethodAccessorImpl.invoke0(Native Method)
	at sun.reflect.NativeMethodAccessorImpl.invoke(Unknown Source)
	at sun.reflect.DelegatingMethodAccessorImpl.invoke(Unknown Source)
	at java.lang.reflect.Method.invoke(Unknown Source)
	at org.testng.internal.MethodInvocationHelper.invokeMethod(MethodInvocationHelper.java:104)
	at org.testng.internal.Invoker.invokeMethod(Invoker.java:645)
	at org.testng.internal.Invoker.invokeTestMethod(Invoker.java:851)
	at org.testng.internal.Invoker.invokeTestMethods(Invoker.java:1177)
	at org.testng.internal.TestMethodWorker.invokeTestMethods(TestMethodWorker.java:129)
	at org.testng.internal.TestMethodWorker.run(TestMethodWorker.java:112)
	at org.testng.TestRunner.privateRun(TestRunner.java:756)
	at org.testng.TestRunner.run(TestRunner.java:610)
	at org.testng.SuiteRunner.runTest(SuiteRunner.java:387)
	at org.testng.SuiteRunner.runSequentially(SuiteRunner.java:382)
	at org.testng.SuiteRunner.privateRun(SuiteRunner.java:340)
	at org.testng.SuiteRunner.run(SuiteRunner.java:289)
	at org.testng.SuiteRunnerWorker.runSuite(SuiteRunnerWorker.java:52)
	at org.testng.SuiteRunnerWorker.run(SuiteRunnerWorker.java:86)
	at org.testng.TestNG.runSuitesSequentially(TestNG.java:1293)
	at org.testng.TestNG.runSuitesLocally(TestNG.java:1218)
	at org.testng.TestNG.runSuites(TestNG.java:1133)
	at org.testng.TestNG.run(TestNG.java:1104)
	at org.testng.remote.AbstractRemoteTestNG.run(AbstractRemoteTestNG.java:132)
	at org.testng.remote.RemoteTestNG.initAndRun(RemoteTestNG.java:230)
	at org.testng.remote.RemoteTestNG.main(RemoteTestNG.java:76)
]]>
            </full-stacktrace>
          </exception> <!-- org.openqa.selenium.NoSuchElementException -->
          <reporter-output>
          </reporter-output>
        </test-method> <!-- UserInteractionDesignMenu -->
        <test-method status="PASS" signature="closeBrowser()[pri:0, instance:Chrome.ServiceMenuTest_Chrome@68c4039c]" name="closeBrowser" is-config="true" duration-ms="183" started-at="2018-03-22T14:07:06Z" finished-at="2018-03-22T14:07:06Z">
          <reporter-output>
          </reporter-output>
        </test-method> <!-- closeBrowser -->
        <test-method status="PASS" signature="initiateDriver()[pri:0, instance:Chrome.ServiceMenuTest_Chrome@68c4039c]" name="initiateDriver" is-config="true" duration-ms="7490" started-at="2018-03-22T14:07:20Z" finished-at="2018-03-22T14:07:28Z">
          <reporter-output>
          </reporter-output>
        </test-method> <!-- initiateDriver -->
        <test-method status="PASS" signature="WebSolutionMenu()[pri:9, instance:Chrome.ServiceMenuTest_Chrome@68c4039c]" name="WebSolutionMenu" duration-ms="5510" started-at="2018-03-22T14:07:28Z" finished-at="2018-03-22T14:07:33Z">
          <reporter-output>
          </reporter-output>
        </test-method> <!-- WebSolutionMenu -->
        <test-method status="PASS" signature="closeBrowser()[pri:0, instance:Chrome.ServiceMenuTest_Chrome@68c4039c]" name="closeBrowser" is-config="true" duration-ms="154" started-at="2018-03-22T14:07:33Z" finished-at="2018-03-22T14:07:33Z">
          <reporter-output>
          </reporter-output>
        </test-method> <!-- closeBrowser -->
        <test-method status="PASS" signature="initiateDriver()[pri:0, instance:Chrome.ServiceMenuTest_Chrome@68c4039c]" name="initiateDriver" is-config="true" duration-ms="8061" started-at="2018-03-22T14:07:47Z" finished-at="2018-03-22T14:07:55Z">
          <reporter-output>
          </reporter-output>
        </test-method> <!-- initiateDriver -->
        <test-method status="FAIL" signature="EllipseMenu()[pri:10, instance:Chrome.ServiceMenuTest_Chrome@68c4039c]" name="EllipseMenu" duration-ms="62226" started-at="2018-03-22T14:07:55Z" finished-at="2018-03-22T14:08:57Z">
          <exception class="org.openqa.selenium.NoSuchElementException">
            <message>
              <![CDATA[no such element: Unable to locate element: {"method":"xpath","selector":"/html/body/div[3]/header/div[2]/div/div/h1"}
  (Session info: chrome=65.0.3325.181)
  (Driver info: chromedriver=2.35.528161 (5b82f2d2aae0ca24b877009200ced9065a772e73),platform=Windows NT 10.0.10586 x86_64) (WARNING: The server did not provide any stacktrace information)
Command duration or timeout: 60.01 seconds
For documentation on this error, please visit: http://seleniumhq.org/exceptions/no_such_element.html
Build info: version: '3.4.0', revision: 'unknown', time: 'unknown'
System info: host: 'MTPC410', ip: '169.254.232.163', os.name: 'Windows 10', os.arch: 'amd64', os.version: '10.0', java.version: '1.8.0_151'
Driver info: org.openqa.selenium.chrome.ChromeDriver
Capabilities [{applicationCacheEnabled=false, rotatable=false, mobileEmulationEnabled=false, networkConnectionEnabled=false, chrome={chromedriverVersion=2.35.528161 (5b82f2d2aae0ca24b877009200ced9065a772e73), userDataDir=C:\Users\dewak\AppData\Local\Temp\scoped_dir11184_402}, takesHeapSnapshot=true, pageLoadStrategy=normal, databaseEnabled=false, handlesAlerts=true, hasTouchScreen=false, version=65.0.3325.181, platform=XP, browserConnectionEnabled=false, nativeEvents=true, acceptSslCerts=false, acceptInsecureCerts=false, locationContextEnabled=true, webStorageEnabled=true, browserName=chrome, takesScreenshot=true, javascriptEnabled=true, cssSelectorsEnabled=true, setWindowRect=true, unexpectedAlertBehaviour=}]
Session ID: 371f0c7c3ee87120623caf6afcc81f90
*** Element info: {Using=xpath, value=/html/body/div[3]/header/div[2]/div/div/h1}]]>
            </message>
            <full-stacktrace>
              <![CDATA[org.openqa.selenium.NoSuchElementException: no such element: Unable to locate element: {"method":"xpath","selector":"/html/body/div[3]/header/div[2]/div/div/h1"}
  (Session info: chrome=65.0.3325.181)
  (Driver info: chromedriver=2.35.528161 (5b82f2d2aae0ca24b877009200ced9065a772e73),platform=Windows NT 10.0.10586 x86_64) (WARNING: The server did not provide any stacktrace information)
Command duration or timeout: 60.01 seconds
For documentation on this error, please visit: http://seleniumhq.org/exceptions/no_such_element.html
Build info: version: '3.4.0', revision: 'unknown', time: 'unknown'
System info: host: 'MTPC410', ip: '169.254.232.163', os.name: 'Windows 10', os.arch: 'amd64', os.version: '10.0', java.version: '1.8.0_151'
Driver info: org.openqa.selenium.chrome.ChromeDriver
Capabilities [{applicationCacheEnabled=false, rotatable=false, mobileEmulationEnabled=false, networkConnectionEnabled=false, chrome={chromedriverVersion=2.35.528161 (5b82f2d2aae0ca24b877009200ced9065a772e73), userDataDir=C:\Users\dewak\AppData\Local\Temp\scoped_dir11184_402}, takesHeapSnapshot=true, pageLoadStrategy=normal, databaseEnabled=false, handlesAlerts=true, hasTouchScreen=false, version=65.0.3325.181, platform=XP, browserConnectionEnabled=false, nativeEvents=true, acceptSslCerts=false, acceptInsecureCerts=false, locationContextEnabled=true, webStorageEnabled=true, browserName=chrome, takesScreenshot=true, javascriptEnabled=true, cssSelectorsEnabled=true, setWindowRect=true, unexpectedAlertBehaviour=}]
Session ID: 371f0c7c3ee87120623caf6afcc81f90
*** Element info: {Using=xpath, value=/html/body/div[3]/header/div[2]/div/div/h1}
	at sun.reflect.NativeConstructorAccessorImpl.newInstance0(Native Method)
	at sun.reflect.NativeConstructorAccessorImpl.newInstance(Unknown Source)
	at sun.reflect.DelegatingConstructorAccessorImpl.newInstance(Unknown Source)
	at java.lang.reflect.Constructor.newInstance(Unknown Source)
	at org.openqa.selenium.remote.ErrorHandler.createThrowable(ErrorHandler.java:215)
	at org.openqa.selenium.remote.ErrorHandler.throwIfResponseFailed(ErrorHandler.java:167)
	at org.openqa.selenium.remote.RemoteWebDriver.execute(RemoteWebDriver.java:671)
	at org.openqa.selenium.remote.RemoteWebDriver.findElement(RemoteWebDriver.java:410)
	at org.openqa.selenium.remote.RemoteWebDriver.findElementByXPath(RemoteWebDriver.java:509)
	at org.openqa.selenium.By$ByXPath.findElement(By.java:361)
	at org.openqa.selenium.remote.RemoteWebDriver.findElement(RemoteWebDriver.java:402)
	at com.stagingm.com.stagingm.test.ServiceMenu_PO.ASSERTellipse(ServiceMenu_PO.java:185)
	at Chrome.ServiceMenuTest_Chrome.EllipseMenu(ServiceMenuTest_Chrome.java:118)
	at sun.reflect.NativeMethodAccessorImpl.invoke0(Native Method)
	at sun.reflect.NativeMethodAccessorImpl.invoke(Unknown Source)
	at sun.reflect.DelegatingMethodAccessorImpl.invoke(Unknown Source)
	at java.lang.reflect.Method.invoke(Unknown Source)
	at org.testng.internal.MethodInvocationHelper.invokeMethod(MethodInvocationHelper.java:104)
	at org.testng.internal.Invoker.invokeMethod(Invoker.java:645)
	at org.testng.internal.Invoker.invokeTestMethod(Invoker.java:851)
	at org.testng.internal.Invoker.invokeTestMethods(Invoker.java:1177)
	at org.testng.internal.TestMethodWorker.invokeTestMethods(TestMethodWorker.java:129)
	at org.testng.internal.TestMethodWorker.run(TestMethodWorker.java:112)
	at org.testng.TestRunner.privateRun(TestRunner.java:756)
	at org.testng.TestRunner.run(TestRunner.java:610)
	at org.testng.SuiteRunner.runTest(SuiteRunner.java:387)
	at org.testng.SuiteRunner.runSequentially(SuiteRunner.java:382)
	at org.testng.SuiteRunner.privateRun(SuiteRunner.java:340)
	at org.testng.SuiteRunner.run(SuiteRunner.java:289)
	at org.testng.SuiteRunnerWorker.runSuite(SuiteRunnerWorker.java:52)
	at org.testng.SuiteRunnerWorker.run(SuiteRunnerWorker.java:86)
	at org.testng.TestNG.runSuitesSequentially(TestNG.java:1293)
	at org.testng.TestNG.runSuitesLocally(TestNG.java:1218)
	at org.testng.TestNG.runSuites(TestNG.java:1133)
	at org.testng.TestNG.run(TestNG.java:1104)
	at org.testng.remote.AbstractRemoteTestNG.run(AbstractRemoteTestNG.java:132)
	at org.testng.remote.RemoteTestNG.initAndRun(RemoteTestNG.java:230)
	at org.testng.remote.RemoteTestNG.main(RemoteTestNG.java:76)
]]>
            </full-stacktrace>
          </exception> <!-- org.openqa.selenium.NoSuchElementException -->
          <reporter-output>
          </reporter-output>
        </test-method> <!-- EllipseMenu -->
        <test-method status="PASS" signature="closeBrowser()[pri:0, instance:Chrome.ServiceMenuTest_Chrome@68c4039c]" name="closeBrowser" is-config="true" duration-ms="209" started-at="2018-03-22T14:08:57Z" finished-at="2018-03-22T14:08:58Z">
          <reporter-output>
          </reporter-output>
        </test-method> <!-- closeBrowser -->
        <test-method status="PASS" signature="initiateDriver()[pri:0, instance:Chrome.ServiceMenuTest_Chrome@68c4039c]" name="initiateDriver" is-config="true" duration-ms="9352" started-at="2018-03-22T14:09:12Z" finished-at="2018-03-22T14:09:21Z">
          <reporter-output>
          </reporter-output>
        </test-method> <!-- initiateDriver -->
        <test-method status="PASS" signature="EnterpriseIntegrationMenu()[pri:11, instance:Chrome.ServiceMenuTest_Chrome@68c4039c]" name="EnterpriseIntegrationMenu" duration-ms="5655" started-at="2018-03-22T14:09:21Z" finished-at="2018-03-22T14:09:27Z">
          <reporter-output>
          </reporter-output>
        </test-method> <!-- EnterpriseIntegrationMenu -->
        <test-method status="PASS" signature="closeBrowser()[pri:0, instance:Chrome.ServiceMenuTest_Chrome@68c4039c]" name="closeBrowser" is-config="true" duration-ms="200" started-at="2018-03-22T14:09:27Z" finished-at="2018-03-22T14:09:27Z">
          <reporter-output>
          </reporter-output>
        </test-method> <!-- closeBrowser -->
        <test-method status="PASS" signature="initiateDriver()[pri:0, instance:Chrome.ServiceMenuTest_Chrome@68c4039c]" name="initiateDriver" is-config="true" duration-ms="8042" started-at="2018-03-22T14:09:43Z" finished-at="2018-03-22T14:09:51Z">
          <reporter-output>
          </reporter-output>
        </test-method> <!-- initiateDriver -->
        <test-method status="PASS" signature="SoftwareQualityAndTestingMenu()[pri:12, instance:Chrome.ServiceMenuTest_Chrome@68c4039c]" name="SoftwareQualityAndTestingMenu" duration-ms="6058" started-at="2018-03-22T14:09:51Z" finished-at="2018-03-22T14:09:57Z">
          <reporter-output>
          </reporter-output>
        </test-method> <!-- SoftwareQualityAndTestingMenu -->
        <test-method status="PASS" signature="closeBrowser()[pri:0, instance:Chrome.ServiceMenuTest_Chrome@68c4039c]" name="closeBrowser" is-config="true" duration-ms="180" started-at="2018-03-22T14:09:57Z" finished-at="2018-03-22T14:09:57Z">
          <reporter-output>
          </reporter-output>
        </test-method> <!-- closeBrowser -->
        <test-method status="PASS" signature="initiateDriver()[pri:0, instance:Chrome.ServiceMenuTest_Chrome@68c4039c]" name="initiateDriver" is-config="true" duration-ms="7838" started-at="2018-03-22T14:10:19Z" finished-at="2018-03-22T14:10:27Z">
          <reporter-output>
          </reporter-output>
        </test-method> <!-- initiateDriver -->
        <test-method status="PASS" signature="PHPDevelopmentMenu()[pri:13, instance:Chrome.ServiceMenuTest_Chrome@68c4039c]" name="PHPDevelopmentMenu" duration-ms="6249" started-at="2018-03-22T14:10:27Z" finished-at="2018-03-22T14:10:33Z">
          <reporter-output>
          </reporter-output>
        </test-method> <!-- PHPDevelopmentMenu -->
        <test-method status="PASS" signature="closeBrowser()[pri:0, instance:Chrome.ServiceMenuTest_Chrome@68c4039c]" name="closeBrowser" is-config="true" duration-ms="172" started-at="2018-03-22T14:10:33Z" finished-at="2018-03-22T14:10:33Z">
          <reporter-output>
          </reporter-output>
        </test-method> <!-- closeBrowser -->
        <test-method status="PASS" signature="initiateDriver()[pri:0, instance:Chrome.ServiceMenuTest_Chrome@68c4039c]" name="initiateDriver" is-config="true" duration-ms="8496" started-at="2018-03-22T14:10:50Z" finished-at="2018-03-22T14:10:59Z">
          <reporter-output>
          </reporter-output>
        </test-method> <!-- initiateDriver -->
        <test-method status="PASS" signature="JavascriptDevelopmentMenu()[pri:14, instance:Chrome.ServiceMenuTest_Chrome@68c4039c]" name="JavascriptDevelopmentMenu" duration-ms="5647" started-at="2018-03-22T14:10:59Z" finished-at="2018-03-22T14:11:04Z">
          <reporter-output>
          </reporter-output>
        </test-method> <!-- JavascriptDevelopmentMenu -->
        <test-method status="PASS" signature="closeBrowser()[pri:0, instance:Chrome.ServiceMenuTest_Chrome@68c4039c]" name="closeBrowser" is-config="true" duration-ms="160" started-at="2018-03-22T14:11:04Z" finished-at="2018-03-22T14:11:05Z">
          <reporter-output>
          </reporter-output>
        </test-method> <!-- closeBrowser -->
        <test-method status="PASS" signature="initiateDriver()[pri:0, instance:Chrome.ServiceMenuTest_Chrome@68c4039c]" name="initiateDriver" is-config="true" duration-ms="8754" started-at="2018-03-22T14:11:19Z" finished-at="2018-03-22T14:11:27Z">
          <reporter-output>
          </reporter-output>
        </test-method> <!-- initiateDriver -->
        <test-method status="PASS" signature="ManagedServiceMenu()[pri:15, instance:Chrome.ServiceMenuTest_Chrome@68c4039c]" name="ManagedServiceMenu" duration-ms="5176" started-at="2018-03-22T14:11:27Z" finished-at="2018-03-22T14:11:32Z">
          <reporter-output>
          </reporter-output>
        </test-method> <!-- ManagedServiceMenu -->
        <test-method status="PASS" signature="closeBrowser()[pri:0, instance:Chrome.ServiceMenuTest_Chrome@68c4039c]" name="closeBrowser" is-config="true" duration-ms="201" started-at="2018-03-22T14:11:32Z" finished-at="2018-03-22T14:11:33Z">
          <reporter-output>
          </reporter-output>
        </test-method> <!-- closeBrowser -->
        <test-method status="PASS" signature="initiateDriver()[pri:0, instance:Chrome.ServiceMenuTest_Chrome@68c4039c]" name="initiateDriver" is-config="true" duration-ms="8724" started-at="2018-03-22T14:11:33Z" finished-at="2018-03-22T14:11:41Z">
          <reporter-output>
          </reporter-output>
        </test-method> <!-- initiateDriver -->
        <test-method status="PASS" signature="LowCodeDevelopmentMenu()[pri:16, instance:Chrome.ServiceMenuTest_Chrome@68c4039c]" name="LowCodeDevelopmentMenu" duration-ms="5789" started-at="2018-03-22T14:11:41Z" finished-at="2018-03-22T14:11:47Z">
          <reporter-output>
          </reporter-output>
        </test-method> <!-- LowCodeDevelopmentMenu -->
        <test-method status="PASS" signature="closeBrowser()[pri:0, instance:Chrome.ServiceMenuTest_Chrome@68c4039c]" name="closeBrowser" is-config="true" duration-ms="199" started-at="2018-03-22T14:11:47Z" finished-at="2018-03-22T14:11:47Z">
          <reporter-output>
          </reporter-output>
        </test-method> <!-- closeBrowser -->
      </class> <!-- Chrome.ServiceMenuTest_Chrome -->
      <class name="Chrome.ProductMenuTest_Chrome">
        <test-method status="PASS" signature="initiateDriver()[pri:0, instance:Chrome.ProductMenuTest_Chrome@ae45eb6]" name="initiateDriver" is-config="true" duration-ms="14643" started-at="2018-03-22T14:00:28Z" finished-at="2018-03-22T14:00:42Z">
          <reporter-output>
          </reporter-output>
        </test-method> <!-- initiateDriver -->
        <test-method status="PASS" signature="MiningSoftwareMenu()[pri:1, instance:Chrome.ProductMenuTest_Chrome@ae45eb6]" name="MiningSoftwareMenu" duration-ms="10314" started-at="2018-03-22T14:00:42Z" finished-at="2018-03-22T14:00:53Z">
          <reporter-output>
          </reporter-output>
        </test-method> <!-- MiningSoftwareMenu -->
        <test-method status="PASS" signature="closeBrowser()[pri:0, instance:Chrome.ProductMenuTest_Chrome@ae45eb6]" name="closeBrowser" is-config="true" duration-ms="167" started-at="2018-03-22T14:00:53Z" finished-at="2018-03-22T14:00:53Z">
          <reporter-output>
          </reporter-output>
        </test-method> <!-- closeBrowser -->
        <test-method status="PASS" signature="initiateDriver()[pri:0, instance:Chrome.ProductMenuTest_Chrome@ae45eb6]" name="initiateDriver" is-config="true" duration-ms="8851" started-at="2018-03-22T14:01:07Z" finished-at="2018-03-22T14:01:15Z">
          <reporter-output>
          </reporter-output>
        </test-method> <!-- initiateDriver -->
        <test-method status="PASS" signature="CCLASMenu()[pri:2, instance:Chrome.ProductMenuTest_Chrome@ae45eb6]" name="CCLASMenu" duration-ms="5234" started-at="2018-03-22T14:01:15Z" finished-at="2018-03-22T14:01:21Z">
          <reporter-output>
          </reporter-output>
        </test-method> <!-- CCLASMenu -->
        <test-method status="PASS" signature="closeBrowser()[pri:0, instance:Chrome.ProductMenuTest_Chrome@ae45eb6]" name="closeBrowser" is-config="true" duration-ms="164" started-at="2018-03-22T14:01:21Z" finished-at="2018-03-22T14:01:21Z">
          <reporter-output>
          </reporter-output>
        </test-method> <!-- closeBrowser -->
        <test-method status="PASS" signature="initiateDriver()[pri:0, instance:Chrome.ProductMenuTest_Chrome@ae45eb6]" name="initiateDriver" is-config="true" duration-ms="7098" started-at="2018-03-22T14:02:31Z" finished-at="2018-03-22T14:02:38Z">
          <reporter-output>
          </reporter-output>
        </test-method> <!-- initiateDriver -->
        <test-method status="PASS" signature="CLASICMenu()[pri:3, instance:Chrome.ProductMenuTest_Chrome@ae45eb6]" name="CLASICMenu" duration-ms="4179" started-at="2018-03-22T14:02:38Z" finished-at="2018-03-22T14:02:42Z">
          <reporter-output>
          </reporter-output>
        </test-method> <!-- CLASICMenu -->
        <test-method status="PASS" signature="closeBrowser()[pri:0, instance:Chrome.ProductMenuTest_Chrome@ae45eb6]" name="closeBrowser" is-config="true" duration-ms="184" started-at="2018-03-22T14:02:42Z" finished-at="2018-03-22T14:02:42Z">
          <reporter-output>
          </reporter-output>
        </test-method> <!-- closeBrowser -->
        <test-method status="PASS" signature="initiateDriver()[pri:0, instance:Chrome.ProductMenuTest_Chrome@ae45eb6]" name="initiateDriver" is-config="true" duration-ms="14944" started-at="2018-03-22T14:02:58Z" finished-at="2018-03-22T14:03:13Z">
          <reporter-output>
          </reporter-output>
        </test-method> <!-- initiateDriver -->
        <test-method status="PASS" signature="ELLIPSEMenu()[pri:4, instance:Chrome.ProductMenuTest_Chrome@ae45eb6]" name="ELLIPSEMenu" duration-ms="4939" started-at="2018-03-22T14:03:13Z" finished-at="2018-03-22T14:03:18Z">
          <reporter-output>
          </reporter-output>
        </test-method> <!-- ELLIPSEMenu -->
        <test-method status="PASS" signature="closeBrowser()[pri:0, instance:Chrome.ProductMenuTest_Chrome@ae45eb6]" name="closeBrowser" is-config="true" duration-ms="236" started-at="2018-03-22T14:03:18Z" finished-at="2018-03-22T14:03:19Z">
          <reporter-output>
          </reporter-output>
        </test-method> <!-- closeBrowser -->
        <test-method status="PASS" signature="initiateDriver()[pri:0, instance:Chrome.ProductMenuTest_Chrome@ae45eb6]" name="initiateDriver" is-config="true" duration-ms="11971" started-at="2018-03-22T14:04:29Z" finished-at="2018-03-22T14:04:41Z">
          <reporter-output>
          </reporter-output>
        </test-method> <!-- initiateDriver -->
        <test-method status="PASS" signature="LINKONEMenu()[pri:5, instance:Chrome.ProductMenuTest_Chrome@ae45eb6]" name="LINKONEMenu" duration-ms="5099" started-at="2018-03-22T14:04:41Z" finished-at="2018-03-22T14:04:46Z">
          <reporter-output>
          </reporter-output>
        </test-method> <!-- LINKONEMenu -->
        <test-method status="PASS" signature="closeBrowser()[pri:0, instance:Chrome.ProductMenuTest_Chrome@ae45eb6]" name="closeBrowser" is-config="true" duration-ms="188" started-at="2018-03-22T14:04:46Z" finished-at="2018-03-22T14:04:46Z">
          <reporter-output>
          </reporter-output>
        </test-method> <!-- closeBrowser -->
        <test-method status="PASS" signature="initiateDriver()[pri:0, instance:Chrome.ProductMenuTest_Chrome@ae45eb6]" name="initiateDriver" is-config="true" duration-ms="12649" started-at="2018-03-22T14:04:59Z" finished-at="2018-03-22T14:05:12Z">
          <reporter-output>
          </reporter-output>
        </test-method> <!-- initiateDriver -->
        <test-method status="PASS" signature="MINEMARKETMenu()[pri:6, instance:Chrome.ProductMenuTest_Chrome@ae45eb6]" name="MINEMARKETMenu" duration-ms="4587" started-at="2018-03-22T14:05:12Z" finished-at="2018-03-22T14:05:17Z">
          <reporter-output>
          </reporter-output>
        </test-method> <!-- MINEMARKETMenu -->
        <test-method status="PASS" signature="closeBrowser()[pri:0, instance:Chrome.ProductMenuTest_Chrome@ae45eb6]" name="closeBrowser" is-config="true" duration-ms="154" started-at="2018-03-22T14:05:17Z" finished-at="2018-03-22T14:05:17Z">
          <reporter-output>
          </reporter-output>
        </test-method> <!-- closeBrowser -->
        <test-method status="PASS" signature="initiateDriver()[pri:0, instance:Chrome.ProductMenuTest_Chrome@ae45eb6]" name="initiateDriver" is-config="true" duration-ms="7984" started-at="2018-03-22T14:05:32Z" finished-at="2018-03-22T14:05:40Z">
          <reporter-output>
          </reporter-output>
        </test-method> <!-- initiateDriver -->
        <test-method status="PASS" signature="MINESCAPEMenu()[pri:7, instance:Chrome.ProductMenuTest_Chrome@ae45eb6]" name="MINESCAPEMenu" duration-ms="5966" started-at="2018-03-22T14:05:40Z" finished-at="2018-03-22T14:05:46Z">
          <reporter-output>
          </reporter-output>
        </test-method> <!-- MINESCAPEMenu -->
        <test-method status="PASS" signature="closeBrowser()[pri:0, instance:Chrome.ProductMenuTest_Chrome@ae45eb6]" name="closeBrowser" is-config="true" duration-ms="209" started-at="2018-03-22T14:05:46Z" finished-at="2018-03-22T14:05:46Z">
          <reporter-output>
          </reporter-output>
        </test-method> <!-- closeBrowser -->
        <test-method status="PASS" signature="initiateDriver()[pri:0, instance:Chrome.ProductMenuTest_Chrome@ae45eb6]" name="initiateDriver" is-config="true" duration-ms="8170" started-at="2018-03-22T14:07:06Z" finished-at="2018-03-22T14:07:14Z">
          <reporter-output>
          </reporter-output>
        </test-method> <!-- initiateDriver -->
        <test-method status="PASS" signature="SPRYSCHEDULERMenu()[pri:8, instance:Chrome.ProductMenuTest_Chrome@ae45eb6]" name="SPRYSCHEDULERMenu" duration-ms="5658" started-at="2018-03-22T14:07:14Z" finished-at="2018-03-22T14:07:20Z">
          <reporter-output>
          </reporter-output>
        </test-method> <!-- SPRYSCHEDULERMenu -->
        <test-method status="PASS" signature="closeBrowser()[pri:0, instance:Chrome.ProductMenuTest_Chrome@ae45eb6]" name="closeBrowser" is-config="true" duration-ms="153" started-at="2018-03-22T14:07:20Z" finished-at="2018-03-22T14:07:20Z">
          <reporter-output>
          </reporter-output>
        </test-method> <!-- closeBrowser -->
        <test-method status="PASS" signature="initiateDriver()[pri:0, instance:Chrome.ProductMenuTest_Chrome@ae45eb6]" name="initiateDriver" is-config="true" duration-ms="8328" started-at="2018-03-22T14:07:33Z" finished-at="2018-03-22T14:07:41Z">
          <reporter-output>
          </reporter-output>
        </test-method> <!-- initiateDriver -->
        <test-method status="PASS" signature="MCATMenu()[pri:9, instance:Chrome.ProductMenuTest_Chrome@ae45eb6]" name="MCATMenu" duration-ms="5422" started-at="2018-03-22T14:07:41Z" finished-at="2018-03-22T14:07:47Z">
          <reporter-output>
          </reporter-output>
        </test-method> <!-- MCATMenu -->
        <test-method status="PASS" signature="closeBrowser()[pri:0, instance:Chrome.ProductMenuTest_Chrome@ae45eb6]" name="closeBrowser" is-config="true" duration-ms="172" started-at="2018-03-22T14:07:47Z" finished-at="2018-03-22T14:07:47Z">
          <reporter-output>
          </reporter-output>
        </test-method> <!-- closeBrowser -->
        <test-method status="PASS" signature="initiateDriver()[pri:0, instance:Chrome.ProductMenuTest_Chrome@ae45eb6]" name="initiateDriver" is-config="true" duration-ms="8327" started-at="2018-03-22T14:08:58Z" finished-at="2018-03-22T14:09:06Z">
          <reporter-output>
          </reporter-output>
        </test-method> <!-- initiateDriver -->
        <test-method status="PASS" signature="MEDICALSOFTWAREMenu()[pri:10, instance:Chrome.ProductMenuTest_Chrome@ae45eb6]" name="MEDICALSOFTWAREMenu" duration-ms="5819" started-at="2018-03-22T14:09:06Z" finished-at="2018-03-22T14:09:12Z">
          <reporter-output>
          </reporter-output>
        </test-method> <!-- MEDICALSOFTWAREMenu -->
        <test-method status="PASS" signature="closeBrowser()[pri:0, instance:Chrome.ProductMenuTest_Chrome@ae45eb6]" name="closeBrowser" is-config="true" duration-ms="169" started-at="2018-03-22T14:09:12Z" finished-at="2018-03-22T14:09:12Z">
          <reporter-output>
          </reporter-output>
        </test-method> <!-- closeBrowser -->
        <test-method status="PASS" signature="initiateDriver()[pri:0, instance:Chrome.ProductMenuTest_Chrome@ae45eb6]" name="initiateDriver" is-config="true" duration-ms="9384" started-at="2018-03-22T14:09:27Z" finished-at="2018-03-22T14:09:36Z">
          <reporter-output>
          </reporter-output>
        </test-method> <!-- initiateDriver -->
        <test-method status="PASS" signature="HISMenu()[pri:11, instance:Chrome.ProductMenuTest_Chrome@ae45eb6]" name="HISMenu" duration-ms="6083" started-at="2018-03-22T14:09:36Z" finished-at="2018-03-22T14:09:43Z">
          <reporter-output>
          </reporter-output>
        </test-method> <!-- HISMenu -->
        <test-method status="PASS" signature="closeBrowser()[pri:0, instance:Chrome.ProductMenuTest_Chrome@ae45eb6]" name="closeBrowser" is-config="true" duration-ms="156" started-at="2018-03-22T14:09:43Z" finished-at="2018-03-22T14:09:43Z">
          <reporter-output>
          </reporter-output>
        </test-method> <!-- closeBrowser -->
        <test-method status="PASS" signature="initiateDriver()[pri:0, instance:Chrome.ProductMenuTest_Chrome@ae45eb6]" name="initiateDriver" is-config="true" duration-ms="16617" started-at="2018-03-22T14:09:57Z" finished-at="2018-03-22T14:10:14Z">
          <reporter-output>
          </reporter-output>
        </test-method> <!-- initiateDriver -->
        <test-method status="PASS" signature="PATIENTADMINSYSTEMMenu()[pri:12, instance:Chrome.ProductMenuTest_Chrome@ae45eb6]" name="PATIENTADMINSYSTEMMenu" duration-ms="4936" started-at="2018-03-22T14:10:14Z" finished-at="2018-03-22T14:10:19Z">
          <reporter-output>
          </reporter-output>
        </test-method> <!-- PATIENTADMINSYSTEMMenu -->
        <test-method status="PASS" signature="closeBrowser()[pri:0, instance:Chrome.ProductMenuTest_Chrome@ae45eb6]" name="closeBrowser" is-config="true" duration-ms="160" started-at="2018-03-22T14:10:19Z" finished-at="2018-03-22T14:10:19Z">
          <reporter-output>
          </reporter-output>
        </test-method> <!-- closeBrowser -->
        <test-method status="PASS" signature="initiateDriver()[pri:0, instance:Chrome.ProductMenuTest_Chrome@ae45eb6]" name="initiateDriver" is-config="true" duration-ms="12225" started-at="2018-03-22T14:10:33Z" finished-at="2018-03-22T14:10:45Z">
          <reporter-output>
          </reporter-output>
        </test-method> <!-- initiateDriver -->
        <test-method status="PASS" signature="FINANCEFORHOSPITALMenu()[pri:13, instance:Chrome.ProductMenuTest_Chrome@ae45eb6]" name="FINANCEFORHOSPITALMenu" duration-ms="4679" started-at="2018-03-22T14:10:45Z" finished-at="2018-03-22T14:10:50Z">
          <reporter-output>
          </reporter-output>
        </test-method> <!-- FINANCEFORHOSPITALMenu -->
        <test-method status="PASS" signature="closeBrowser()[pri:0, instance:Chrome.ProductMenuTest_Chrome@ae45eb6]" name="closeBrowser" is-config="true" duration-ms="338" started-at="2018-03-22T14:10:50Z" finished-at="2018-03-22T14:10:50Z">
          <reporter-output>
          </reporter-output>
        </test-method> <!-- closeBrowser -->
        <test-method status="PASS" signature="initiateDriver()[pri:0, instance:Chrome.ProductMenuTest_Chrome@ae45eb6]" name="initiateDriver" is-config="true" duration-ms="7896" started-at="2018-03-22T14:11:05Z" finished-at="2018-03-22T14:11:12Z">
          <reporter-output>
          </reporter-output>
        </test-method> <!-- initiateDriver -->
        <test-method status="PASS" signature="OCCUPATIONALHEALTHMenu()[pri:14, instance:Chrome.ProductMenuTest_Chrome@ae45eb6]" name="OCCUPATIONALHEALTHMenu" duration-ms="5924" started-at="2018-03-22T14:11:12Z" finished-at="2018-03-22T14:11:18Z">
          <reporter-output>
          </reporter-output>
        </test-method> <!-- OCCUPATIONALHEALTHMenu -->
        <test-method status="PASS" signature="closeBrowser()[pri:0, instance:Chrome.ProductMenuTest_Chrome@ae45eb6]" name="closeBrowser" is-config="true" duration-ms="169" started-at="2018-03-22T14:11:18Z" finished-at="2018-03-22T14:11:19Z">
          <reporter-output>
          </reporter-output>
        </test-method> <!-- closeBrowser -->
      </class> <!-- Chrome.ProductMenuTest_Chrome -->
    </test> <!-- Test -->
  </suite> <!-- Suite -->
</testng-results>
