<?xml version="1.0" encoding="UTF-8"?>
<!-- Generated by org.testng.reporters.JUnitReportReporter -->
<testsuite name="Chrome.SiteMapTest_Chrome" tests="41" time="728.463" ignored="0" failures="0" timestamp="12 Apr 2018 09:38:37 GMT" skipped="0" hostname="MTPC410" errors="2">
  <testcase name="EllipseLink" time="15.705" classname="Chrome.SiteMapTest_Chrome"/>
  <testcase name="HospitalInformationSystemLink" time="14.091" classname="Chrome.SiteMapTest_Chrome"/>
  <testcase name="BusinessIntelegenceLink" time="15.842" classname="Chrome.SiteMapTest_Chrome"/>
  <testcase name="OccupationalHealthSafetySystemLink" time="11.881" classname="Chrome.SiteMapTest_Chrome"/>
  <testcase name="MobileServicesLink" time="14.307" classname="Chrome.SiteMapTest_Chrome"/>
  <testcase name="ClassicLink" time="12.581" classname="Chrome.SiteMapTest_Chrome"/>
  <testcase name="MineMarketLink" time="10.688" classname="Chrome.SiteMapTest_Chrome"/>
  <testcase name="SeputarMedisIndonesiaLink" time="13.569" classname="Chrome.SiteMapTest_Chrome"/>
  <testcase name="PHPDevelopmentLink" time="17.160" classname="Chrome.SiteMapTest_Chrome"/>
  <testcase name="JavaTechLink" time="13.908" classname="Chrome.SiteMapTest_Chrome"/>
  <testcase name="LowCodeDevelopmentLink" time="11.083" classname="Chrome.SiteMapTest_Chrome"/>
  <testcase name="MitraisPrivacyPolicyLink" time="11.285" classname="Chrome.SiteMapTest_Chrome"/>
  <testcase name="UserInteractionDesignLink" time="13.542" classname="Chrome.SiteMapTest_Chrome"/>
  <testcase name="MicrosoftWindowsApplicationsLink" time="14.576" classname="Chrome.SiteMapTest_Chrome"/>
  <testcase name="MineScapeLink" time="98.699" classname="Chrome.SiteMapTest_Chrome">
    <error type="org.openqa.selenium.NoSuchElementException" message="no such element: Unable to locate element: {&quot;method&quot;:&quot;link text&quot;,&quot;selector&quot;:&quot;MineScape&quot;}
  (Session info: chrome=65.0.3325.181)
  (Driver info: chromedriver=2.37.544315 (730aa6a5fdba159ac9f4c1e8cbc59bf1b5ce12b7),platform=Windows NT 10.0.10586 x86_64) (WARNING: The server did not provide any stacktrace information)
Command duration or timeout: 0 milliseconds
For documentation on this error, please visit: http://seleniumhq.org/exceptions/no_such_element.html
Build info: version: &#039;3.11.0&#039;, revision: &#039;e59cfb3&#039;, time: &#039;2018-03-11T20:26:55.152Z&#039;
System info: host: &#039;MTPC410&#039;, ip: &#039;169.254.150.203&#039;, os.name: &#039;Windows 10&#039;, os.arch: &#039;amd64&#039;, os.version: &#039;10.0&#039;, java.version: &#039;1.8.0_151&#039;
Driver info: org.openqa.selenium.chrome.ChromeDriver
Capabilities {acceptInsecureCerts: false, acceptSslCerts: false, applicationCacheEnabled: false, browserConnectionEnabled: false, browserName: chrome, chrome: {chromedriverVersion: 2.37.544315 (730aa6a5fdba15..., userDataDir: C:\Users\dewak\AppData\Loca...}, cssSelectorsEnabled: true, databaseEnabled: false, handlesAlerts: true, hasTouchScreen: false, javascriptEnabled: true, locationContextEnabled: true, mobileEmulationEnabled: false, nativeEvents: true, networkConnectionEnabled: false, pageLoadStrategy: normal, platform: XP, platformName: XP, rotatable: false, setWindowRect: true, takesHeapSnapshot: true, takesScreenshot: true, unexpectedAlertBehaviour: , unhandledPromptBehavior: , version: 65.0.3325.181, webStorageEnabled: true}
Session ID: 1887cc2ca97e1991ed6647560ffcaba9
*** Element info: {Using=link text, value=MineScape}">
      <![CDATA[org.openqa.selenium.NoSuchElementException: no such element: Unable to locate element: {"method":"link text","selector":"MineScape"}
  (Session info: chrome=65.0.3325.181)
  (Driver info: chromedriver=2.37.544315 (730aa6a5fdba159ac9f4c1e8cbc59bf1b5ce12b7),platform=Windows NT 10.0.10586 x86_64) (WARNING: The server did not provide any stacktrace information)
Command duration or timeout: 0 milliseconds
For documentation on this error, please visit: http://seleniumhq.org/exceptions/no_such_element.html
Build info: version: '3.11.0', revision: 'e59cfb3', time: '2018-03-11T20:26:55.152Z'
System info: host: 'MTPC410', ip: '169.254.150.203', os.name: 'Windows 10', os.arch: 'amd64', os.version: '10.0', java.version: '1.8.0_151'
Driver info: org.openqa.selenium.chrome.ChromeDriver
Capabilities {acceptInsecureCerts: false, acceptSslCerts: false, applicationCacheEnabled: false, browserConnectionEnabled: false, browserName: chrome, chrome: {chromedriverVersion: 2.37.544315 (730aa6a5fdba15..., userDataDir: C:\Users\dewak\AppData\Loca...}, cssSelectorsEnabled: true, databaseEnabled: false, handlesAlerts: true, hasTouchScreen: false, javascriptEnabled: true, locationContextEnabled: true, mobileEmulationEnabled: false, nativeEvents: true, networkConnectionEnabled: false, pageLoadStrategy: normal, platform: XP, platformName: XP, rotatable: false, setWindowRect: true, takesHeapSnapshot: true, takesScreenshot: true, unexpectedAlertBehaviour: , unhandledPromptBehavior: , version: 65.0.3325.181, webStorageEnabled: true}
Session ID: 1887cc2ca97e1991ed6647560ffcaba9
*** Element info: {Using=link text, value=MineScape}
	at sun.reflect.NativeConstructorAccessorImpl.newInstance0(Native Method)
	at sun.reflect.NativeConstructorAccessorImpl.newInstance(Unknown Source)
	at sun.reflect.DelegatingConstructorAccessorImpl.newInstance(Unknown Source)
	at java.lang.reflect.Constructor.newInstance(Unknown Source)
	at org.openqa.selenium.remote.ErrorHandler.createThrowable(ErrorHandler.java:214)
	at org.openqa.selenium.remote.ErrorHandler.throwIfResponseFailed(ErrorHandler.java:166)
	at org.openqa.selenium.remote.http.JsonHttpResponseCodec.reconstructValue(JsonHttpResponseCodec.java:40)
	at org.openqa.selenium.remote.http.AbstractHttpResponseCodec.decode(AbstractHttpResponseCodec.java:80)
	at org.openqa.selenium.remote.http.AbstractHttpResponseCodec.decode(AbstractHttpResponseCodec.java:44)
	at org.openqa.selenium.remote.HttpCommandExecutor.execute(HttpCommandExecutor.java:158)
	at org.openqa.selenium.remote.service.DriverCommandExecutor.execute(DriverCommandExecutor.java:83)
	at org.openqa.selenium.remote.RemoteWebDriver.execute(RemoteWebDriver.java:545)
	at org.openqa.selenium.remote.RemoteWebDriver.findElement(RemoteWebDriver.java:319)
	at org.openqa.selenium.remote.RemoteWebDriver.findElementByLinkText(RemoteWebDriver.java:373)
	at org.openqa.selenium.By$ByLinkText.findElement(By.java:246)
	at org.openqa.selenium.remote.RemoteWebDriver.findElement(RemoteWebDriver.java:311)
	at com.stagingm.com.stagingm.test.SiteMap_PO.CLICKMineScape(SiteMap_PO.java:521)
	at Chrome.SiteMapTest_Chrome.MineScapeLink(SiteMapTest_Chrome.java:264)
	at sun.reflect.NativeMethodAccessorImpl.invoke0(Native Method)
	at sun.reflect.NativeMethodAccessorImpl.invoke(Unknown Source)
	at sun.reflect.DelegatingMethodAccessorImpl.invoke(Unknown Source)
	at java.lang.reflect.Method.invoke(Unknown Source)
	at org.testng.internal.MethodInvocationHelper.invokeMethod(MethodInvocationHelper.java:104)
	at org.testng.internal.Invoker.invokeMethod(Invoker.java:645)
	at org.testng.internal.Invoker.invokeTestMethod(Invoker.java:851)
	at org.testng.internal.Invoker.invokeTestMethods(Invoker.java:1177)
	at org.testng.internal.TestMethodWorker.invokeTestMethods(TestMethodWorker.java:129)
	at org.testng.internal.TestMethodWorker.run(TestMethodWorker.java:112)
	at org.testng.TestRunner.privateRun(TestRunner.java:756)
	at org.testng.TestRunner.run(TestRunner.java:610)
	at org.testng.SuiteRunner.runTest(SuiteRunner.java:387)
	at org.testng.SuiteRunner.runSequentially(SuiteRunner.java:382)
	at org.testng.SuiteRunner.privateRun(SuiteRunner.java:340)
	at org.testng.SuiteRunner.run(SuiteRunner.java:289)
	at org.testng.SuiteRunnerWorker.runSuite(SuiteRunnerWorker.java:52)
	at org.testng.SuiteRunnerWorker.run(SuiteRunnerWorker.java:86)
	at org.testng.TestNG.runSuitesSequentially(TestNG.java:1293)
	at org.testng.TestNG.runSuitesLocally(TestNG.java:1218)
	at org.testng.TestNG.runSuites(TestNG.java:1133)
	at org.testng.TestNG.run(TestNG.java:1104)
	at org.testng.remote.AbstractRemoteTestNG.run(AbstractRemoteTestNG.java:132)
	at org.testng.remote.RemoteTestNG.initAndRun(RemoteTestNG.java:230)
	at org.testng.remote.RemoteTestNG.main(RemoteTestNG.java:76)
]]>
    </error>
  </testcase> <!-- MineScapeLink -->
  <testcase name="CareersLink" time="100.262" classname="Chrome.SiteMapTest_Chrome">
    <error type="org.openqa.selenium.TimeoutException" message="Expected condition failed: waiting for visibility of element located by By.xpath: //*[@class=&#039;text-white&#039; and contains(text(),&#039;Careers&#039;)] (tried for 20 second(s) with 500 milliseconds interval)">
      <![CDATA[org.openqa.selenium.TimeoutException: Expected condition failed: waiting for visibility of element located by By.xpath: //*[@class='text-white' and contains(text(),'Careers')] (tried for 20 second(s) with 500 milliseconds interval)
	at org.openqa.selenium.support.ui.WebDriverWait.timeoutException(WebDriverWait.java:81)
	at org.openqa.selenium.support.ui.FluentWait.until(FluentWait.java:271)
	at com.stagingm.com.stagingm.test.SiteMap_PO.WAITINGCareers(SiteMap_PO.java:742)
	at Chrome.SiteMapTest_Chrome.CareersLink(SiteMapTest_Chrome.java:373)
	at sun.reflect.NativeMethodAccessorImpl.invoke0(Native Method)
	at sun.reflect.NativeMethodAccessorImpl.invoke(Unknown Source)
	at sun.reflect.DelegatingMethodAccessorImpl.invoke(Unknown Source)
	at java.lang.reflect.Method.invoke(Unknown Source)
	at org.testng.internal.MethodInvocationHelper.invokeMethod(MethodInvocationHelper.java:104)
	at org.testng.internal.Invoker.invokeMethod(Invoker.java:645)
	at org.testng.internal.Invoker.invokeTestMethod(Invoker.java:851)
	at org.testng.internal.Invoker.invokeTestMethods(Invoker.java:1177)
	at org.testng.internal.TestMethodWorker.invokeTestMethods(TestMethodWorker.java:129)
	at org.testng.internal.TestMethodWorker.run(TestMethodWorker.java:112)
	at org.testng.TestRunner.privateRun(TestRunner.java:756)
	at org.testng.TestRunner.run(TestRunner.java:610)
	at org.testng.SuiteRunner.runTest(SuiteRunner.java:387)
	at org.testng.SuiteRunner.runSequentially(SuiteRunner.java:382)
	at org.testng.SuiteRunner.privateRun(SuiteRunner.java:340)
	at org.testng.SuiteRunner.run(SuiteRunner.java:289)
	at org.testng.SuiteRunnerWorker.runSuite(SuiteRunnerWorker.java:52)
	at org.testng.SuiteRunnerWorker.run(SuiteRunnerWorker.java:86)
	at org.testng.TestNG.runSuitesSequentially(TestNG.java:1293)
	at org.testng.TestNG.runSuitesLocally(TestNG.java:1218)
	at org.testng.TestNG.runSuites(TestNG.java:1133)
	at org.testng.TestNG.run(TestNG.java:1104)
	at org.testng.remote.AbstractRemoteTestNG.run(AbstractRemoteTestNG.java:132)
	at org.testng.remote.RemoteTestNG.initAndRun(RemoteTestNG.java:230)
	at org.testng.remote.RemoteTestNG.main(RemoteTestNG.java:76)
Caused by: org.openqa.selenium.NoSuchElementException: Cannot locate an element using By.xpath: //*[@class='text-white' and contains(text(),'Careers')]
For documentation on this error, please visit: http://seleniumhq.org/exceptions/no_such_element.html
Build info: version: '3.11.0', revision: 'e59cfb3', time: '2018-03-11T20:26:55.152Z'
System info: host: 'MTPC410', ip: '169.254.150.203', os.name: 'Windows 10', os.arch: 'amd64', os.version: '10.0', java.version: '1.8.0_151'
Driver info: driver.version: unknown
	at org.openqa.selenium.support.ui.ExpectedConditions.lambda$findElement$0(ExpectedConditions.java:896)
	at java.util.Optional.orElseThrow(Unknown Source)
	at org.openqa.selenium.support.ui.ExpectedConditions.findElement(ExpectedConditions.java:895)
	at org.openqa.selenium.support.ui.ExpectedConditions.access$000(ExpectedConditions.java:44)
	at org.openqa.selenium.support.ui.ExpectedConditions$7.apply(ExpectedConditions.java:206)
	at org.openqa.selenium.support.ui.ExpectedConditions$7.apply(ExpectedConditions.java:202)
	at org.openqa.selenium.support.ui.FluentWait.until(FluentWait.java:248)
	... 27 more
]]>
    </error>
  </testcase> <!-- CareersLink -->
  <testcase name="EnterpriseIntergrationLink" time="16.407" classname="Chrome.SiteMapTest_Chrome"/>
  <testcase name="MicrosoftWebSolutionsLink" time="14.973" classname="Chrome.SiteMapTest_Chrome"/>
  <testcase name="AboutUsLink" time="16.008" classname="Chrome.SiteMapTest_Chrome"/>
  <testcase name="ManagedServicesLink" time="10.688" classname="Chrome.SiteMapTest_Chrome"/>
  <testcase name="MiningSoftwareLink" time="13.681" classname="Chrome.SiteMapTest_Chrome"/>
  <testcase name="SoftwareDesignToolsLink" time="13.882" classname="Chrome.SiteMapTest_Chrome"/>
  <testcase name="CCLASLink" time="12.139" classname="Chrome.SiteMapTest_Chrome"/>
  <testcase name="LinkOneLink" time="14.845" classname="Chrome.SiteMapTest_Chrome"/>
  <testcase name="SoftwareDevelopmentLink" time="17.092" classname="Chrome.SiteMapTest_Chrome"/>
  <testcase name="PatientAdministrationSystemLink" time="11.334" classname="Chrome.SiteMapTest_Chrome"/>
  <testcase name="RubyOnRailLink" time="11.201" classname="Chrome.SiteMapTest_Chrome"/>
  <testcase name="JavaScriptAppDevelopmentLink" time="11.556" classname="Chrome.SiteMapTest_Chrome"/>
  <testcase name="SoftwareDevelopmentNewsletterLink" time="11.166" classname="Chrome.SiteMapTest_Chrome"/>
  <testcase name="MedicalSoftwareLink" time="12.943" classname="Chrome.SiteMapTest_Chrome"/>
  <testcase name="FrequentlyAskedQuestionsLink" time="17.146" classname="Chrome.SiteMapTest_Chrome"/>
  <testcase name="ContactUsLink" time="11.081" classname="Chrome.SiteMapTest_Chrome"/>
  <testcase name="FinanceSoftwareForHospitalsLink" time="18.074" classname="Chrome.SiteMapTest_Chrome"/>
  <testcase name="BlogLink" time="12.152" classname="Chrome.SiteMapTest_Chrome"/>
  <testcase name="SPRYSchedulerLink" time="11.171" classname="Chrome.SiteMapTest_Chrome"/>
  <testcase name="TeamLink" time="13.284" classname="Chrome.SiteMapTest_Chrome"/>
  <testcase name="SoftwareQualityandTestingLink" time="14.083" classname="Chrome.SiteMapTest_Chrome"/>
  <testcase name="MCatLink" time="11.027" classname="Chrome.SiteMapTest_Chrome"/>
  <testcase name="MiningNewsletterLink" time="12.018" classname="Chrome.SiteMapTest_Chrome"/>
  <testcase name="WebFrontEndLink" time="17.785" classname="Chrome.SiteMapTest_Chrome"/>
  <testcase name="Ellipse2Link" time="13.548" classname="Chrome.SiteMapTest_Chrome"/>
</testsuite> <!-- Chrome.SiteMapTest_Chrome -->
